<?xml version="1.0" encoding="UTF-8"?>
<testsuite name="com.phonebook.tests.RemoveContactTest" tests="1" skipped="0" failures="0" errors="0" timestamp="2023-06-29T08:30:23" hostname="DESKTOP-OS617JJ" time="11.555">
  <properties/>
  <testcase name="removeContactTest" classname="com.phonebook.tests.RemoveContactTest" time="11.555"/>
  <system-out><![CDATA[10:30:09.777 [Test worker] INFO  com.phonebook.tests.TestBase -- Start testremoveContactTestwith data: []
10:30:34.616 [Test worker] INFO  com.phonebook.tests.TestBase -- PASSED: removeContactTest
10:30:34.617 [Test worker] INFO  com.phonebook.tests.TestBase -- Stop test
10:30:34.618 [Test worker] INFO  com.phonebook.tests.TestBase -- ========================================================
]]></system-out>
  <system-err><![CDATA[]]></system-err>
</testsuite>
