<?xml version="1.0" encoding="UTF-8"?>
<testsuite name="com.phonebook.tests.LoginTests" tests="1" skipped="0" failures="0" errors="0" timestamp="2023-06-29T08:29:52" hostname="DESKTOP-OS617JJ" time="1.994">
  <properties/>
  <testcase name="loginPositiveTest" classname="com.phonebook.tests.LoginTests" time="1.994"/>
  <system-out><![CDATA[10:29:52.465 [Test worker] INFO  com.phonebook.tests.TestBase -- Start testloginPositiveTestwith data: []
10:29:54.747 [Test worker] INFO  com.phonebook.tests.TestBase -- PASSED: loginPositiveTest
10:29:54.749 [Test worker] INFO  com.phonebook.tests.TestBase -- Stop test
10:29:54.749 [Test worker] INFO  com.phonebook.tests.TestBase -- ========================================================
]]></system-out>
  <system-err><![CDATA[]]></system-err>
</testsuite>
