<?xml version="1.0" encoding="UTF-8"?>
<testsuite name="com.phonebook.tests.CreateContactTests" tests="1" skipped="0" failures="0" errors="0" timestamp="2023-06-29T08:30:05" hostname="DESKTOP-OS617JJ" time="3.554">
  <properties/>
  <testcase name="addContactPositiveTest" classname="com.phonebook.tests.CreateContactTests" time="3.554"/>
  <system-out><![CDATA[10:29:54.756 [Test worker] INFO  com.phonebook.tests.TestBase -- Start testaddContactPositiveTestwith data: []
10:30:09.768 [Test worker] INFO  com.phonebook.tests.TestBase -- PASSED: addContactPositiveTest
10:30:09.769 [Test worker] INFO  com.phonebook.tests.TestBase -- Stop test
10:30:09.769 [Test worker] INFO  com.phonebook.tests.TestBase -- ========================================================
]]></system-out>
  <system-err><![CDATA[]]></system-err>
</testsuite>
